
2019-03-15 11:54:24,993 -|- ERROR -|- Ready解析失败
Traceback (most recent call last):
  File "g:\稍微正经一点\python-spider\bei_ke.py", line 52, in prepare
    for name, href in zone_options:
ValueError: too many values to unpack (expected 2)
2019-03-15 14:02:19,981 -|- ERROR -|- Ready解析失败
Traceback (most recent call last):
  File "g:\稍微正经一点\python-spider\bei_ke.py", line 54, in prepare
    deal_house(host, name, href)
  File "g:\稍微正经一点\python-spider\bei_ke.py", line 84, in deal_house
    page_data = page_box['page_data']
  File "C:\Python\Python36\lib\site-packages\bs4\element.py", line 1016, in __getitem__
    return self.attrs[key]
KeyError: 'page_data'
2019-03-15 14:04:05,491 -|- ERROR -|- Ready解析失败
Traceback (most recent call last):
  File "g:\稍微正经一点\python-spider\bei_ke.py", line 54, in prepare
    deal_house(host, name, href)
  File "g:\稍微正经一点\python-spider\bei_ke.py", line 85, in deal_house
    print(page_data['totalPage'])
TypeError: string indices must be integers
2019-03-15 16:26:13,939 -|- ERROR -|- Ready解析失败
Traceback (most recent call last):
  File "g:\稍微正经一点\python-spider\bei_ke.py", line 59, in prepare
    deal_house_list(host, name, href)
  File "g:\稍微正经一点\python-spider\bei_ke.py", line 97, in deal_house_list
    print('共' + max_page + '页')
TypeError: must be str, not int
2019-03-15 16:30:36,082 -|- ERROR -|- Ready解析失败
Traceback (most recent call last):
  File "g:\稍微正经一点\python-spider\bei_ke.py", line 59, in prepare
    deal_house_list(host, name, href)
  File "g:\稍微正经一点\python-spider\bei_ke.py", line 97, in deal_house_list
    print('共' + max_page + '页')
TypeError: must be str, not int
2019-03-15 16:48:18,774 -|- ERROR -|- Ready解析失败
Traceback (most recent call last):
  File "g:\稍微正经一点\python-spider\bei_ke.py", line 59, in prepare
    deal_house_list(host, name, href)
  File "g:\稍微正经一点\python-spider\bei_ke.py", line 101, in deal_house_list
    deal_house_detail(soup)
  File "g:\稍微正经一点\python-spider\bei_ke.py", line 134, in deal_house_detail
    for (i, li) in sell_list:
ValueError: too many values to unpack (expected 2)
