
2019-03-16 21:58:30,524 -|- ERROR -|- 详情页解析错误：https://zj.ke.com/ershoufang/18111214610100100816.html
Traceback (most recent call last):
  File "g:\codingSomething\python爬虫\bei_ke_used.py", line 310, in deal_house_detail
    housing_spare_parts, img_house_layout, img_house_other,)
  File "g:\codingSomething\python爬虫\bei_ke_db.py", line 71, in write_used_db
    insert_params + ') VALUES(' + values + ')', data)
sqlite3.IntegrityError: NOT NULL constraint failed: bei_ke_house_used.id
2019-03-16 21:58:35,054 -|- ERROR -|- 详情页解析错误：https://zj.ke.com/ershoufang/19021414610100102412.html
Traceback (most recent call last):
  File "g:\codingSomething\python爬虫\bei_ke_used.py", line 310, in deal_house_detail
    housing_spare_parts, img_house_layout, img_house_other,)
  File "g:\codingSomething\python爬虫\bei_ke_db.py", line 71, in write_used_db
    insert_params + ') VALUES(' + values + ')', data)
sqlite3.IntegrityError: NOT NULL constraint failed: bei_ke_house_used.id
2019-03-16 23:31:09,092 -|- ERROR -|- 详情页解析错误：https://zj.ke.com/ershoufang/18112214610100121848.html
Traceback (most recent call last):
  File "g:\codingSomething\python爬虫\bei_ke_used.py", line 155, in deal_house_detail
    if li['data-desc'] == '户型图':
  File "F:\Program_Tools\Anaconda3\lib\site-packages\bs4\element.py", line 1011, in __getitem__
    return self.attrs[key]
KeyError: 'data-desc'
2019-03-16 23:31:13,861 -|- ERROR -|- 详情页解析错误：https://zj.ke.com/ershoufang/19011914610100100384.html
Traceback (most recent call last):
  File "g:\codingSomething\python爬虫\bei_ke_used.py", line 155, in deal_house_detail
    if li['data-desc'] == '户型图':
  File "F:\Program_Tools\Anaconda3\lib\site-packages\bs4\element.py", line 1011, in __getitem__
    return self.attrs[key]
KeyError: 'data-desc'
2019-03-16 23:31:24,224 -|- ERROR -|- 详情页解析错误：https://zj.ke.com/ershoufang/18120814610100100193.html
Traceback (most recent call last):
  File "g:\codingSomething\python爬虫\bei_ke_used.py", line 155, in deal_house_detail
    if li['data-desc'] == '户型图':
  File "F:\Program_Tools\Anaconda3\lib\site-packages\bs4\element.py", line 1011, in __getitem__
    return self.attrs[key]
KeyError: 'data-desc'
2019-03-16 23:31:29,014 -|- ERROR -|- 详情页解析错误：https://zj.ke.com/ershoufang/19021714610100104512.html
Traceback (most recent call last):
  File "g:\codingSomething\python爬虫\bei_ke_used.py", line 155, in deal_house_detail
    if li['data-desc'] == '户型图':
  File "F:\Program_Tools\Anaconda3\lib\site-packages\bs4\element.py", line 1011, in __getitem__
    return self.attrs[key]
KeyError: 'data-desc'
2019-03-16 23:31:33,745 -|- ERROR -|- 详情页解析错误：https://zj.ke.com/ershoufang/19022814610100105262.html
Traceback (most recent call last):
  File "g:\codingSomething\python爬虫\bei_ke_used.py", line 155, in deal_house_detail
    if li['data-desc'] == '户型图':
  File "F:\Program_Tools\Anaconda3\lib\site-packages\bs4\element.py", line 1011, in __getitem__
    return self.attrs[key]
KeyError: 'data-desc'
2019-03-16 23:31:38,442 -|- ERROR -|- 详情页解析错误：https://zj.ke.com/ershoufang/18112314610100116977.html
Traceback (most recent call last):
  File "g:\codingSomething\python爬虫\bei_ke_used.py", line 155, in deal_house_detail
    if li['data-desc'] == '户型图':
  File "F:\Program_Tools\Anaconda3\lib\site-packages\bs4\element.py", line 1011, in __getitem__
    return self.attrs[key]
KeyError: 'data-desc'
2019-03-16 23:31:43,165 -|- ERROR -|- 详情页解析错误：https://zj.ke.com/ershoufang/18101914610100219966.html
Traceback (most recent call last):
  File "g:\codingSomething\python爬虫\bei_ke_used.py", line 155, in deal_house_detail
    if li['data-desc'] == '户型图':
  File "F:\Program_Tools\Anaconda3\lib\site-packages\bs4\element.py", line 1011, in __getitem__
    return self.attrs[key]
KeyError: 'data-desc'
2019-03-16 23:31:47,828 -|- ERROR -|- 详情页解析错误：https://zj.ke.com/ershoufang/18101914610100222677.html
Traceback (most recent call last):
  File "g:\codingSomething\python爬虫\bei_ke_used.py", line 155, in deal_house_detail
    if li['data-desc'] == '户型图':
  File "F:\Program_Tools\Anaconda3\lib\site-packages\bs4\element.py", line 1011, in __getitem__
    return self.attrs[key]
KeyError: 'data-desc'
2019-03-16 23:31:52,442 -|- ERROR -|- 详情页解析错误：https://zj.ke.com/ershoufang/19021314610100103264.html
Traceback (most recent call last):
  File "g:\codingSomething\python爬虫\bei_ke_used.py", line 155, in deal_house_detail
    if li['data-desc'] == '户型图':
  File "F:\Program_Tools\Anaconda3\lib\site-packages\bs4\element.py", line 1011, in __getitem__
    return self.attrs[key]
KeyError: 'data-desc'
2019-03-16 23:31:57,259 -|- ERROR -|- 详情页解析错误：https://zj.ke.com/ershoufang/18121014610100102598.html
Traceback (most recent call last):
  File "g:\codingSomething\python爬虫\bei_ke_used.py", line 155, in deal_house_detail
    if li['data-desc'] == '户型图':
  File "F:\Program_Tools\Anaconda3\lib\site-packages\bs4\element.py", line 1011, in __getitem__
    return self.attrs[key]
KeyError: 'data-desc'
2019-03-16 23:32:01,850 -|- ERROR -|- 详情页解析错误：https://zj.ke.com/ershoufang/18120514610100100232.html
Traceback (most recent call last):
  File "g:\codingSomething\python爬虫\bei_ke_used.py", line 155, in deal_house_detail
    if li['data-desc'] == '户型图':
  File "F:\Program_Tools\Anaconda3\lib\site-packages\bs4\element.py", line 1011, in __getitem__
    return self.attrs[key]
KeyError: 'data-desc'
2019-03-16 23:32:06,766 -|- ERROR -|- 详情页解析错误：https://zj.ke.com/ershoufang/18101914610100214719.html
Traceback (most recent call last):
  File "g:\codingSomething\python爬虫\bei_ke_used.py", line 155, in deal_house_detail
    if li['data-desc'] == '户型图':
  File "F:\Program_Tools\Anaconda3\lib\site-packages\bs4\element.py", line 1011, in __getitem__
    return self.attrs[key]
KeyError: 'data-desc'
2019-03-16 23:32:11,417 -|- ERROR -|- 详情页解析错误：https://zj.ke.com/ershoufang/18102614610100102911.html
Traceback (most recent call last):
  File "g:\codingSomething\python爬虫\bei_ke_used.py", line 155, in deal_house_detail
    if li['data-desc'] == '户型图':
  File "F:\Program_Tools\Anaconda3\lib\site-packages\bs4\element.py", line 1011, in __getitem__
    return self.attrs[key]
KeyError: 'data-desc'
2019-03-16 23:32:16,142 -|- ERROR -|- 详情页解析错误：https://zj.ke.com/ershoufang/19030414610100109071.html
Traceback (most recent call last):
  File "g:\codingSomething\python爬虫\bei_ke_used.py", line 155, in deal_house_detail
    if li['data-desc'] == '户型图':
  File "F:\Program_Tools\Anaconda3\lib\site-packages\bs4\element.py", line 1011, in __getitem__
    return self.attrs[key]
KeyError: 'data-desc'
2019-03-16 23:32:20,813 -|- ERROR -|- 详情页解析错误：https://zj.ke.com/ershoufang/18101914610100212214.html
Traceback (most recent call last):
  File "g:\codingSomething\python爬虫\bei_ke_used.py", line 155, in deal_house_detail
    if li['data-desc'] == '户型图':
  File "F:\Program_Tools\Anaconda3\lib\site-packages\bs4\element.py", line 1011, in __getitem__
    return self.attrs[key]
KeyError: 'data-desc'
2019-03-16 23:32:25,605 -|- ERROR -|- 详情页解析错误：https://zj.ke.com/ershoufang/18112214610100116471.html
Traceback (most recent call last):
  File "g:\codingSomething\python爬虫\bei_ke_used.py", line 155, in deal_house_detail
    if li['data-desc'] == '户型图':
  File "F:\Program_Tools\Anaconda3\lib\site-packages\bs4\element.py", line 1011, in __getitem__
    return self.attrs[key]
KeyError: 'data-desc'
2019-03-16 23:32:30,208 -|- ERROR -|- 详情页解析错误：https://zj.ke.com/ershoufang/19011314610100102114.html
Traceback (most recent call last):
  File "g:\codingSomething\python爬虫\bei_ke_used.py", line 155, in deal_house_detail
    if li['data-desc'] == '户型图':
  File "F:\Program_Tools\Anaconda3\lib\site-packages\bs4\element.py", line 1011, in __getitem__
    return self.attrs[key]
KeyError: 'data-desc'
2019-03-16 23:32:34,813 -|- ERROR -|- 详情页解析错误：https://zj.ke.com/ershoufang/18102014610100100843.html
Traceback (most recent call last):
  File "g:\codingSomething\python爬虫\bei_ke_used.py", line 155, in deal_house_detail
    if li['data-desc'] == '户型图':
  File "F:\Program_Tools\Anaconda3\lib\site-packages\bs4\element.py", line 1011, in __getitem__
    return self.attrs[key]
KeyError: 'data-desc'
2019-03-16 23:32:39,361 -|- ERROR -|- 详情页解析错误：https://zj.ke.com/ershoufang/18101914610100212853.html
Traceback (most recent call last):
  File "g:\codingSomething\python爬虫\bei_ke_used.py", line 155, in deal_house_detail
    if li['data-desc'] == '户型图':
  File "F:\Program_Tools\Anaconda3\lib\site-packages\bs4\element.py", line 1011, in __getitem__
    return self.attrs[key]
KeyError: 'data-desc'
2019-03-16 23:32:43,970 -|- ERROR -|- 详情页解析错误：https://zj.ke.com/ershoufang/18101914610100167982.html
Traceback (most recent call last):
  File "g:\codingSomething\python爬虫\bei_ke_used.py", line 155, in deal_house_detail
    if li['data-desc'] == '户型图':
  File "F:\Program_Tools\Anaconda3\lib\site-packages\bs4\element.py", line 1011, in __getitem__
    return self.attrs[key]
KeyError: 'data-desc'
2019-03-16 23:32:48,569 -|- ERROR -|- 详情页解析错误：https://zj.ke.com/ershoufang/18101914610100206098.html
Traceback (most recent call last):
  File "g:\codingSomething\python爬虫\bei_ke_used.py", line 155, in deal_house_detail
    if li['data-desc'] == '户型图':
  File "F:\Program_Tools\Anaconda3\lib\site-packages\bs4\element.py", line 1011, in __getitem__
    return self.attrs[key]
KeyError: 'data-desc'
2019-03-16 23:32:53,447 -|- ERROR -|- 详情页解析错误：https://zj.ke.com/ershoufang/19030314610100105671.html
Traceback (most recent call last):
  File "g:\codingSomething\python爬虫\bei_ke_used.py", line 155, in deal_house_detail
    if li['data-desc'] == '户型图':
  File "F:\Program_Tools\Anaconda3\lib\site-packages\bs4\element.py", line 1011, in __getitem__
    return self.attrs[key]
KeyError: 'data-desc'
2019-03-16 23:32:58,100 -|- ERROR -|- 详情页解析错误：https://zj.ke.com/ershoufang/18112214610100120377.html
Traceback (most recent call last):
  File "g:\codingSomething\python爬虫\bei_ke_used.py", line 155, in deal_house_detail
    if li['data-desc'] == '户型图':
  File "F:\Program_Tools\Anaconda3\lib\site-packages\bs4\element.py", line 1011, in __getitem__
    return self.attrs[key]
KeyError: 'data-desc'
2019-03-16 23:33:02,861 -|- ERROR -|- 详情页解析错误：https://zj.ke.com/ershoufang/19012614610100100364.html
Traceback (most recent call last):
  File "g:\codingSomething\python爬虫\bei_ke_used.py", line 155, in deal_house_detail
    if li['data-desc'] == '户型图':
  File "F:\Program_Tools\Anaconda3\lib\site-packages\bs4\element.py", line 1011, in __getitem__
    return self.attrs[key]
KeyError: 'data-desc'
2019-03-16 23:33:07,544 -|- ERROR -|- 详情页解析错误：https://zj.ke.com/ershoufang/19021714610100104612.html
Traceback (most recent call last):
  File "g:\codingSomething\python爬虫\bei_ke_used.py", line 155, in deal_house_detail
    if li['data-desc'] == '户型图':
  File "F:\Program_Tools\Anaconda3\lib\site-packages\bs4\element.py", line 1011, in __getitem__
    return self.attrs[key]
KeyError: 'data-desc'
2019-03-16 23:33:12,309 -|- ERROR -|- 详情页解析错误：https://zj.ke.com/ershoufang/19022114610100100963.html
Traceback (most recent call last):
  File "g:\codingSomething\python爬虫\bei_ke_used.py", line 155, in deal_house_detail
    if li['data-desc'] == '户型图':
  File "F:\Program_Tools\Anaconda3\lib\site-packages\bs4\element.py", line 1011, in __getitem__
    return self.attrs[key]
KeyError: 'data-desc'
2019-03-16 23:33:17,268 -|- ERROR -|- 详情页解析错误：https://zj.ke.com/ershoufang/18121014610100100230.html
Traceback (most recent call last):
  File "g:\codingSomething\python爬虫\bei_ke_used.py", line 155, in deal_house_detail
    if li['data-desc'] == '户型图':
  File "F:\Program_Tools\Anaconda3\lib\site-packages\bs4\element.py", line 1011, in __getitem__
    return self.attrs[key]
KeyError: 'data-desc'
2019-03-16 23:33:21,938 -|- ERROR -|- 详情页解析错误：https://zj.ke.com/ershoufang/18101914610100205766.html
Traceback (most recent call last):
  File "g:\codingSomething\python爬虫\bei_ke_used.py", line 155, in deal_house_detail
    if li['data-desc'] == '户型图':
  File "F:\Program_Tools\Anaconda3\lib\site-packages\bs4\element.py", line 1011, in __getitem__
    return self.attrs[key]
KeyError: 'data-desc'
2019-03-16 23:33:26,593 -|- ERROR -|- 详情页解析错误：https://zj.ke.com/ershoufang/19011614610100104167.html
Traceback (most recent call last):
  File "g:\codingSomething\python爬虫\bei_ke_used.py", line 155, in deal_house_detail
    if li['data-desc'] == '户型图':
  File "F:\Program_Tools\Anaconda3\lib\site-packages\bs4\element.py", line 1011, in __getitem__
    return self.attrs[key]
KeyError: 'data-desc'
2019-03-16 23:33:31,186 -|- ERROR -|- 详情页解析错误：https://zj.ke.com/ershoufang/18121414610100100425.html
Traceback (most recent call last):
  File "g:\codingSomething\python爬虫\bei_ke_used.py", line 155, in deal_house_detail
    if li['data-desc'] == '户型图':
  File "F:\Program_Tools\Anaconda3\lib\site-packages\bs4\element.py", line 1011, in __getitem__
    return self.attrs[key]
KeyError: 'data-desc'
2019-03-16 23:33:35,853 -|- ERROR -|- 详情页解析错误：https://zj.ke.com/ershoufang/18101914610100215149.html
Traceback (most recent call last):
  File "g:\codingSomething\python爬虫\bei_ke_used.py", line 155, in deal_house_detail
    if li['data-desc'] == '户型图':
  File "F:\Program_Tools\Anaconda3\lib\site-packages\bs4\element.py", line 1011, in __getitem__
    return self.attrs[key]
KeyError: 'data-desc'
2019-03-16 23:33:40,621 -|- ERROR -|- 详情页解析错误：https://zj.ke.com/ershoufang/18101914610100169711.html
Traceback (most recent call last):
  File "g:\codingSomething\python爬虫\bei_ke_used.py", line 155, in deal_house_detail
    if li['data-desc'] == '户型图':
  File "F:\Program_Tools\Anaconda3\lib\site-packages\bs4\element.py", line 1011, in __getitem__
    return self.attrs[key]
KeyError: 'data-desc'
2019-03-16 23:33:55,033 -|- ERROR -|- 详情页解析错误：https://zj.ke.com/ershoufang/18102014610100100543.html
Traceback (most recent call last):
  File "g:\codingSomething\python爬虫\bei_ke_used.py", line 155, in deal_house_detail
    if li['data-desc'] == '户型图':
  File "F:\Program_Tools\Anaconda3\lib\site-packages\bs4\element.py", line 1011, in __getitem__
    return self.attrs[key]
KeyError: 'data-desc'
2019-03-16 23:33:59,711 -|- ERROR -|- 详情页解析错误：https://zj.ke.com/ershoufang/19021214610100104549.html
Traceback (most recent call last):
  File "g:\codingSomething\python爬虫\bei_ke_used.py", line 155, in deal_house_detail
    if li['data-desc'] == '户型图':
  File "F:\Program_Tools\Anaconda3\lib\site-packages\bs4\element.py", line 1011, in __getitem__
    return self.attrs[key]
KeyError: 'data-desc'
2019-03-16 23:34:04,540 -|- ERROR -|- 详情页解析错误：https://zj.ke.com/ershoufang/18113014610100102420.html
Traceback (most recent call last):
  File "g:\codingSomething\python爬虫\bei_ke_used.py", line 155, in deal_house_detail
    if li['data-desc'] == '户型图':
  File "F:\Program_Tools\Anaconda3\lib\site-packages\bs4\element.py", line 1011, in __getitem__
    return self.attrs[key]
KeyError: 'data-desc'
2019-03-16 23:34:09,240 -|- ERROR -|- 详情页解析错误：https://zj.ke.com/ershoufang/19010814610100101470.html
Traceback (most recent call last):
  File "g:\codingSomething\python爬虫\bei_ke_used.py", line 155, in deal_house_detail
    if li['data-desc'] == '户型图':
  File "F:\Program_Tools\Anaconda3\lib\site-packages\bs4\element.py", line 1011, in __getitem__
    return self.attrs[key]
KeyError: 'data-desc'
2019-03-16 23:34:13,878 -|- ERROR -|- 详情页解析错误：https://zj.ke.com/ershoufang/19011614610100101497.html
Traceback (most recent call last):
  File "g:\codingSomething\python爬虫\bei_ke_used.py", line 155, in deal_house_detail
    if li['data-desc'] == '户型图':
  File "F:\Program_Tools\Anaconda3\lib\site-packages\bs4\element.py", line 1011, in __getitem__
    return self.attrs[key]
KeyError: 'data-desc'
2019-03-16 23:34:18,470 -|- ERROR -|- 详情页解析错误：https://zj.ke.com/ershoufang/18101914610100211244.html
Traceback (most recent call last):
  File "g:\codingSomething\python爬虫\bei_ke_used.py", line 155, in deal_house_detail
    if li['data-desc'] == '户型图':
  File "F:\Program_Tools\Anaconda3\lib\site-packages\bs4\element.py", line 1011, in __getitem__
    return self.attrs[key]
KeyError: 'data-desc'
2019-03-16 23:34:23,172 -|- ERROR -|- 详情页解析错误：https://zj.ke.com/ershoufang/19022814610100102463.html
Traceback (most recent call last):
  File "g:\codingSomething\python爬虫\bei_ke_used.py", line 155, in deal_house_detail
    if li['data-desc'] == '户型图':
  File "F:\Program_Tools\Anaconda3\lib\site-packages\bs4\element.py", line 1011, in __getitem__
    return self.attrs[key]
KeyError: 'data-desc'
2019-03-16 23:34:27,915 -|- ERROR -|- 详情页解析错误：https://zj.ke.com/ershoufang/19030514610100103238.html
Traceback (most recent call last):
  File "g:\codingSomething\python爬虫\bei_ke_used.py", line 155, in deal_house_detail
    if li['data-desc'] == '户型图':
  File "F:\Program_Tools\Anaconda3\lib\site-packages\bs4\element.py", line 1011, in __getitem__
    return self.attrs[key]
KeyError: 'data-desc'
2019-03-16 23:34:32,522 -|- ERROR -|- 详情页解析错误：https://zj.ke.com/ershoufang/19011314610100104258.html
Traceback (most recent call last):
  File "g:\codingSomething\python爬虫\bei_ke_used.py", line 155, in deal_house_detail
    if li['data-desc'] == '户型图':
  File "F:\Program_Tools\Anaconda3\lib\site-packages\bs4\element.py", line 1011, in __getitem__
    return self.attrs[key]
KeyError: 'data-desc'
2019-03-16 23:34:37,275 -|- ERROR -|- 详情页解析错误：https://zj.ke.com/ershoufang/18101914610100214952.html
Traceback (most recent call last):
  File "g:\codingSomething\python爬虫\bei_ke_used.py", line 155, in deal_house_detail
    if li['data-desc'] == '户型图':
  File "F:\Program_Tools\Anaconda3\lib\site-packages\bs4\element.py", line 1011, in __getitem__
    return self.attrs[key]
KeyError: 'data-desc'
2019-03-16 23:34:42,082 -|- ERROR -|- 详情页解析错误：https://zj.ke.com/ershoufang/18112614610100103177.html
Traceback (most recent call last):
  File "g:\codingSomething\python爬虫\bei_ke_used.py", line 155, in deal_house_detail
    if li['data-desc'] == '户型图':
  File "F:\Program_Tools\Anaconda3\lib\site-packages\bs4\element.py", line 1011, in __getitem__
    return self.attrs[key]
KeyError: 'data-desc'
2019-03-16 23:34:46,744 -|- ERROR -|- 详情页解析错误：https://zj.ke.com/ershoufang/19012214610100102026.html
Traceback (most recent call last):
  File "g:\codingSomething\python爬虫\bei_ke_used.py", line 155, in deal_house_detail
    if li['data-desc'] == '户型图':
  File "F:\Program_Tools\Anaconda3\lib\site-packages\bs4\element.py", line 1011, in __getitem__
    return self.attrs[key]
KeyError: 'data-desc'
2019-03-16 23:34:51,625 -|- ERROR -|- 详情页解析错误：https://zj.ke.com/ershoufang/19011614610100101161.html
Traceback (most recent call last):
  File "g:\codingSomething\python爬虫\bei_ke_used.py", line 155, in deal_house_detail
    if li['data-desc'] == '户型图':
  File "F:\Program_Tools\Anaconda3\lib\site-packages\bs4\element.py", line 1011, in __getitem__
    return self.attrs[key]
KeyError: 'data-desc'
2019-03-16 23:34:56,724 -|- ERROR -|- 详情页解析错误：https://zj.ke.com/ershoufang/18101914610100223695.html
Traceback (most recent call last):
  File "g:\codingSomething\python爬虫\bei_ke_used.py", line 155, in deal_house_detail
    if li['data-desc'] == '户型图':
  File "F:\Program_Tools\Anaconda3\lib\site-packages\bs4\element.py", line 1011, in __getitem__
    return self.attrs[key]
KeyError: 'data-desc'
2019-03-16 23:35:01,547 -|- ERROR -|- 详情页解析错误：https://zj.ke.com/ershoufang/19030214610100107463.html
Traceback (most recent call last):
  File "g:\codingSomething\python爬虫\bei_ke_used.py", line 155, in deal_house_detail
    if li['data-desc'] == '户型图':
  File "F:\Program_Tools\Anaconda3\lib\site-packages\bs4\element.py", line 1011, in __getitem__
    return self.attrs[key]
KeyError: 'data-desc'
2019-03-16 23:35:06,430 -|- ERROR -|- 详情页解析错误：https://zj.ke.com/ershoufang/19031414610100104749.html
Traceback (most recent call last):
  File "g:\codingSomething\python爬虫\bei_ke_used.py", line 155, in deal_house_detail
    if li['data-desc'] == '户型图':
  File "F:\Program_Tools\Anaconda3\lib\site-packages\bs4\element.py", line 1011, in __getitem__
    return self.attrs[key]
KeyError: 'data-desc'
2019-03-16 23:35:11,091 -|- ERROR -|- 详情页解析错误：https://zj.ke.com/ershoufang/18111914610100106975.html
Traceback (most recent call last):
  File "g:\codingSomething\python爬虫\bei_ke_used.py", line 155, in deal_house_detail
    if li['data-desc'] == '户型图':
  File "F:\Program_Tools\Anaconda3\lib\site-packages\bs4\element.py", line 1011, in __getitem__
    return self.attrs[key]
KeyError: 'data-desc'
2019-03-16 23:35:15,885 -|- ERROR -|- 详情页解析错误：https://zj.ke.com/ershoufang/19022014610100113063.html
Traceback (most recent call last):
  File "g:\codingSomething\python爬虫\bei_ke_used.py", line 155, in deal_house_detail
    if li['data-desc'] == '户型图':
  File "F:\Program_Tools\Anaconda3\lib\site-packages\bs4\element.py", line 1011, in __getitem__
    return self.attrs[key]
KeyError: 'data-desc'
2019-03-16 23:35:20,584 -|- ERROR -|- 详情页解析错误：https://zj.ke.com/ershoufang/19022414610100100159.html
Traceback (most recent call last):
  File "g:\codingSomething\python爬虫\bei_ke_used.py", line 155, in deal_house_detail
    if li['data-desc'] == '户型图':
  File "F:\Program_Tools\Anaconda3\lib\site-packages\bs4\element.py", line 1011, in __getitem__
    return self.attrs[key]
KeyError: 'data-desc'
2019-03-16 23:35:25,342 -|- ERROR -|- 详情页解析错误：https://zj.ke.com/ershoufang/19022514610100101183.html
Traceback (most recent call last):
  File "g:\codingSomething\python爬虫\bei_ke_used.py", line 155, in deal_house_detail
    if li['data-desc'] == '户型图':
  File "F:\Program_Tools\Anaconda3\lib\site-packages\bs4\element.py", line 1011, in __getitem__
    return self.attrs[key]
KeyError: 'data-desc'
2019-03-16 23:35:30,159 -|- ERROR -|- 详情页解析错误：https://zj.ke.com/ershoufang/19010114610100101093.html
Traceback (most recent call last):
  File "g:\codingSomething\python爬虫\bei_ke_used.py", line 155, in deal_house_detail
    if li['data-desc'] == '户型图':
  File "F:\Program_Tools\Anaconda3\lib\site-packages\bs4\element.py", line 1011, in __getitem__
    return self.attrs[key]
KeyError: 'data-desc'
2019-03-16 23:35:35,012 -|- ERROR -|- 详情页解析错误：https://zj.ke.com/ershoufang/18112214610100120677.html
Traceback (most recent call last):
  File "g:\codingSomething\python爬虫\bei_ke_used.py", line 155, in deal_house_detail
    if li['data-desc'] == '户型图':
  File "F:\Program_Tools\Anaconda3\lib\site-packages\bs4\element.py", line 1011, in __getitem__
    return self.attrs[key]
KeyError: 'data-desc'
2019-03-16 23:35:39,829 -|- ERROR -|- 详情页解析错误：https://zj.ke.com/ershoufang/19011414610100106440.html
Traceback (most recent call last):
  File "g:\codingSomething\python爬虫\bei_ke_used.py", line 155, in deal_house_detail
    if li['data-desc'] == '户型图':
  File "F:\Program_Tools\Anaconda3\lib\site-packages\bs4\element.py", line 1011, in __getitem__
    return self.attrs[key]
KeyError: 'data-desc'
2019-03-16 23:35:44,657 -|- ERROR -|- 详情页解析错误：https://zj.ke.com/ershoufang/19030314610100100863.html
Traceback (most recent call last):
  File "g:\codingSomething\python爬虫\bei_ke_used.py", line 155, in deal_house_detail
    if li['data-desc'] == '户型图':
  File "F:\Program_Tools\Anaconda3\lib\site-packages\bs4\element.py", line 1011, in __getitem__
    return self.attrs[key]
KeyError: 'data-desc'
2019-03-16 23:35:49,468 -|- ERROR -|- 详情页解析错误：https://zj.ke.com/ershoufang/19020214610100100364.html
Traceback (most recent call last):
  File "g:\codingSomething\python爬虫\bei_ke_used.py", line 155, in deal_house_detail
    if li['data-desc'] == '户型图':
  File "F:\Program_Tools\Anaconda3\lib\site-packages\bs4\element.py", line 1011, in __getitem__
    return self.attrs[key]
KeyError: 'data-desc'
2019-03-16 23:35:54,211 -|- ERROR -|- 详情页解析错误：https://zj.ke.com/ershoufang/19030314610100106462.html
Traceback (most recent call last):
  File "g:\codingSomething\python爬虫\bei_ke_used.py", line 155, in deal_house_detail
    if li['data-desc'] == '户型图':
  File "F:\Program_Tools\Anaconda3\lib\site-packages\bs4\element.py", line 1011, in __getitem__
    return self.attrs[key]
KeyError: 'data-desc'
2019-03-16 23:35:59,141 -|- ERROR -|- 详情页解析错误：https://zj.ke.com/ershoufang/19031314610100104719.html
Traceback (most recent call last):
  File "g:\codingSomething\python爬虫\bei_ke_used.py", line 155, in deal_house_detail
    if li['data-desc'] == '户型图':
  File "F:\Program_Tools\Anaconda3\lib\site-packages\bs4\element.py", line 1011, in __getitem__
    return self.attrs[key]
KeyError: 'data-desc'
2019-03-16 23:36:03,910 -|- ERROR -|- 详情页解析错误：https://zj.ke.com/ershoufang/19031214610100110749.html
Traceback (most recent call last):
  File "g:\codingSomething\python爬虫\bei_ke_used.py", line 155, in deal_house_detail
    if li['data-desc'] == '户型图':
  File "F:\Program_Tools\Anaconda3\lib\site-packages\bs4\element.py", line 1011, in __getitem__
    return self.attrs[key]
KeyError: 'data-desc'
2019-03-16 23:36:08,702 -|- ERROR -|- 详情页解析错误：https://zj.ke.com/ershoufang/19021414610100103424.html
Traceback (most recent call last):
  File "g:\codingSomething\python爬虫\bei_ke_used.py", line 155, in deal_house_detail
    if li['data-desc'] == '户型图':
  File "F:\Program_Tools\Anaconda3\lib\site-packages\bs4\element.py", line 1011, in __getitem__
    return self.attrs[key]
KeyError: 'data-desc'
2019-03-16 23:36:13,708 -|- ERROR -|- 详情页解析错误：https://zj.ke.com/ershoufang/19030914610100100910.html
Traceback (most recent call last):
  File "g:\codingSomething\python爬虫\bei_ke_used.py", line 155, in deal_house_detail
    if li['data-desc'] == '户型图':
  File "F:\Program_Tools\Anaconda3\lib\site-packages\bs4\element.py", line 1011, in __getitem__
    return self.attrs[key]
KeyError: 'data-desc'
2019-03-16 23:36:24,580 -|- ERROR -|- 详情页解析错误：https://zj.ke.com/ershoufang/18101914610100208365.html
Traceback (most recent call last):
  File "g:\codingSomething\python爬虫\bei_ke_used.py", line 155, in deal_house_detail
    if li['data-desc'] == '户型图':
  File "F:\Program_Tools\Anaconda3\lib\site-packages\bs4\element.py", line 1011, in __getitem__
    return self.attrs[key]
KeyError: 'data-desc'
2019-03-16 23:36:29,355 -|- ERROR -|- 详情页解析错误：https://zj.ke.com/ershoufang/19030514610100102041.html
Traceback (most recent call last):
  File "g:\codingSomething\python爬虫\bei_ke_used.py", line 155, in deal_house_detail
    if li['data-desc'] == '户型图':
  File "F:\Program_Tools\Anaconda3\lib\site-packages\bs4\element.py", line 1011, in __getitem__
    return self.attrs[key]
KeyError: 'data-desc'
2019-03-16 23:36:34,081 -|- ERROR -|- 详情页解析错误：https://zj.ke.com/ershoufang/19021614610100100663.html
Traceback (most recent call last):
  File "g:\codingSomething\python爬虫\bei_ke_used.py", line 155, in deal_house_detail
    if li['data-desc'] == '户型图':
  File "F:\Program_Tools\Anaconda3\lib\site-packages\bs4\element.py", line 1011, in __getitem__
    return self.attrs[key]
KeyError: 'data-desc'
2019-03-16 23:36:43,669 -|- ERROR -|- 详情页解析错误：https://zj.ke.com/ershoufang/18102614610100100753.html
Traceback (most recent call last):
  File "g:\codingSomething\python爬虫\bei_ke_used.py", line 155, in deal_house_detail
    if li['data-desc'] == '户型图':
  File "F:\Program_Tools\Anaconda3\lib\site-packages\bs4\element.py", line 1011, in __getitem__
    return self.attrs[key]
KeyError: 'data-desc'
2019-03-16 23:36:48,427 -|- ERROR -|- 详情页解析错误：https://zj.ke.com/ershoufang/19012814610100102664.html
Traceback (most recent call last):
  File "g:\codingSomething\python爬虫\bei_ke_used.py", line 155, in deal_house_detail
    if li['data-desc'] == '户型图':
  File "F:\Program_Tools\Anaconda3\lib\site-packages\bs4\element.py", line 1011, in __getitem__
    return self.attrs[key]
KeyError: 'data-desc'
2019-03-16 23:36:53,104 -|- ERROR -|- 详情页解析错误：https://zj.ke.com/ershoufang/19022114610100101959.html
Traceback (most recent call last):
  File "g:\codingSomething\python爬虫\bei_ke_used.py", line 155, in deal_house_detail
    if li['data-desc'] == '户型图':
  File "F:\Program_Tools\Anaconda3\lib\site-packages\bs4\element.py", line 1011, in __getitem__
    return self.attrs[key]
KeyError: 'data-desc'
2019-03-16 23:36:57,737 -|- ERROR -|- 详情页解析错误：https://zj.ke.com/ershoufang/18110814610100103128.html
Traceback (most recent call last):
  File "g:\codingSomething\python爬虫\bei_ke_used.py", line 155, in deal_house_detail
    if li['data-desc'] == '户型图':
  File "F:\Program_Tools\Anaconda3\lib\site-packages\bs4\element.py", line 1011, in __getitem__
    return self.attrs[key]
KeyError: 'data-desc'
2019-03-16 23:37:02,422 -|- ERROR -|- 详情页解析错误：https://zj.ke.com/ershoufang/19021814610100110112.html
Traceback (most recent call last):
  File "g:\codingSomething\python爬虫\bei_ke_used.py", line 155, in deal_house_detail
    if li['data-desc'] == '户型图':
  File "F:\Program_Tools\Anaconda3\lib\site-packages\bs4\element.py", line 1011, in __getitem__
    return self.attrs[key]
KeyError: 'data-desc'
2019-03-16 23:37:07,032 -|- ERROR -|- 详情页解析错误：https://zj.ke.com/ershoufang/18101914610100168596.html
Traceback (most recent call last):
  File "g:\codingSomething\python爬虫\bei_ke_used.py", line 155, in deal_house_detail
    if li['data-desc'] == '户型图':
  File "F:\Program_Tools\Anaconda3\lib\site-packages\bs4\element.py", line 1011, in __getitem__
    return self.attrs[key]
KeyError: 'data-desc'
2019-03-16 23:37:16,768 -|- ERROR -|- 详情页解析错误：https://zj.ke.com/ershoufang/19011914610100101260.html
Traceback (most recent call last):
  File "g:\codingSomething\python爬虫\bei_ke_used.py", line 155, in deal_house_detail
    if li['data-desc'] == '户型图':
  File "F:\Program_Tools\Anaconda3\lib\site-packages\bs4\element.py", line 1011, in __getitem__
    return self.attrs[key]
KeyError: 'data-desc'
2019-03-16 23:37:21,438 -|- ERROR -|- 详情页解析错误：https://zj.ke.com/ershoufang/19022014610100100259.html
Traceback (most recent call last):
  File "g:\codingSomething\python爬虫\bei_ke_used.py", line 155, in deal_house_detail
    if li['data-desc'] == '户型图':
  File "F:\Program_Tools\Anaconda3\lib\site-packages\bs4\element.py", line 1011, in __getitem__
    return self.attrs[key]
KeyError: 'data-desc'
2019-03-16 23:37:26,155 -|- ERROR -|- 详情页解析错误：https://zj.ke.com/ershoufang/18101914610100141954.html
Traceback (most recent call last):
  File "g:\codingSomething\python爬虫\bei_ke_used.py", line 155, in deal_house_detail
    if li['data-desc'] == '户型图':
  File "F:\Program_Tools\Anaconda3\lib\site-packages\bs4\element.py", line 1011, in __getitem__
    return self.attrs[key]
KeyError: 'data-desc'
2019-03-16 23:37:30,946 -|- ERROR -|- 详情页解析错误：https://zj.ke.com/ershoufang/19022314610100100959.html
Traceback (most recent call last):
  File "g:\codingSomething\python爬虫\bei_ke_used.py", line 155, in deal_house_detail
    if li['data-desc'] == '户型图':
  File "F:\Program_Tools\Anaconda3\lib\site-packages\bs4\element.py", line 1011, in __getitem__
    return self.attrs[key]
KeyError: 'data-desc'
2019-03-16 23:37:35,693 -|- ERROR -|- 详情页解析错误：https://zj.ke.com/ershoufang/19030914610100103497.html
Traceback (most recent call last):
  File "g:\codingSomething\python爬虫\bei_ke_used.py", line 155, in deal_house_detail
    if li['data-desc'] == '户型图':
  File "F:\Program_Tools\Anaconda3\lib\site-packages\bs4\element.py", line 1011, in __getitem__
    return self.attrs[key]
KeyError: 'data-desc'
2019-03-16 23:37:40,461 -|- ERROR -|- 详情页解析错误：https://zj.ke.com/ershoufang/19011514610100101967.html
Traceback (most recent call last):
  File "g:\codingSomething\python爬虫\bei_ke_used.py", line 155, in deal_house_detail
    if li['data-desc'] == '户型图':
  File "F:\Program_Tools\Anaconda3\lib\site-packages\bs4\element.py", line 1011, in __getitem__
    return self.attrs[key]
KeyError: 'data-desc'
2019-03-16 23:37:45,259 -|- ERROR -|- 详情页解析错误：https://zj.ke.com/ershoufang/19012114610100103840.html
Traceback (most recent call last):
  File "g:\codingSomething\python爬虫\bei_ke_used.py", line 155, in deal_house_detail
    if li['data-desc'] == '户型图':
  File "F:\Program_Tools\Anaconda3\lib\site-packages\bs4\element.py", line 1011, in __getitem__
    return self.attrs[key]
KeyError: 'data-desc'
2019-03-16 23:37:50,010 -|- ERROR -|- 详情页解析错误：https://zj.ke.com/ershoufang/19030814610100107297.html
Traceback (most recent call last):
  File "g:\codingSomething\python爬虫\bei_ke_used.py", line 155, in deal_house_detail
    if li['data-desc'] == '户型图':
  File "F:\Program_Tools\Anaconda3\lib\site-packages\bs4\element.py", line 1011, in __getitem__
    return self.attrs[key]
KeyError: 'data-desc'
2019-03-16 23:37:54,804 -|- ERROR -|- 详情页解析错误：https://zj.ke.com/ershoufang/18112114610100101371.html
Traceback (most recent call last):
  File "g:\codingSomething\python爬虫\bei_ke_used.py", line 155, in deal_house_detail
    if li['data-desc'] == '户型图':
  File "F:\Program_Tools\Anaconda3\lib\site-packages\bs4\element.py", line 1011, in __getitem__
    return self.attrs[key]
KeyError: 'data-desc'
2019-03-16 23:37:59,534 -|- ERROR -|- 详情页解析错误：https://zj.ke.com/ershoufang/18101914610100164237.html
Traceback (most recent call last):
  File "g:\codingSomething\python爬虫\bei_ke_used.py", line 155, in deal_house_detail
    if li['data-desc'] == '户型图':
  File "F:\Program_Tools\Anaconda3\lib\site-packages\bs4\element.py", line 1011, in __getitem__
    return self.attrs[key]
KeyError: 'data-desc'
2019-03-16 23:38:04,221 -|- ERROR -|- 详情页解析错误：https://zj.ke.com/ershoufang/18111614610100100612.html
Traceback (most recent call last):
  File "g:\codingSomething\python爬虫\bei_ke_used.py", line 155, in deal_house_detail
    if li['data-desc'] == '户型图':
  File "F:\Program_Tools\Anaconda3\lib\site-packages\bs4\element.py", line 1011, in __getitem__
    return self.attrs[key]
KeyError: 'data-desc'
2019-03-16 23:38:09,016 -|- ERROR -|- 详情页解析错误：https://zj.ke.com/ershoufang/18112214610100119277.html
Traceback (most recent call last):
  File "g:\codingSomething\python爬虫\bei_ke_used.py", line 155, in deal_house_detail
    if li['data-desc'] == '户型图':
  File "F:\Program_Tools\Anaconda3\lib\site-packages\bs4\element.py", line 1011, in __getitem__
    return self.attrs[key]
KeyError: 'data-desc'
2019-03-16 23:38:13,773 -|- ERROR -|- 详情页解析错误：https://zj.ke.com/ershoufang/18111914610100105675.html
Traceback (most recent call last):
  File "g:\codingSomething\python爬虫\bei_ke_used.py", line 155, in deal_house_detail
    if li['data-desc'] == '户型图':
  File "F:\Program_Tools\Anaconda3\lib\site-packages\bs4\element.py", line 1011, in __getitem__
    return self.attrs[key]
KeyError: 'data-desc'
2019-03-16 23:38:18,607 -|- ERROR -|- 详情页解析错误：https://zj.ke.com/ershoufang/19011514610100102197.html
Traceback (most recent call last):
  File "g:\codingSomething\python爬虫\bei_ke_used.py", line 155, in deal_house_detail
    if li['data-desc'] == '户型图':
  File "F:\Program_Tools\Anaconda3\lib\site-packages\bs4\element.py", line 1011, in __getitem__
    return self.attrs[key]
KeyError: 'data-desc'
2019-03-16 23:38:23,275 -|- ERROR -|- 详情页解析错误：https://zj.ke.com/ershoufang/19022314610100104059.html
Traceback (most recent call last):
  File "g:\codingSomething\python爬虫\bei_ke_used.py", line 155, in deal_house_detail
    if li['data-desc'] == '户型图':
  File "F:\Program_Tools\Anaconda3\lib\site-packages\bs4\element.py", line 1011, in __getitem__
    return self.attrs[key]
KeyError: 'data-desc'
2019-03-16 23:38:28,000 -|- ERROR -|- 详情页解析错误：https://zj.ke.com/ershoufang/18112214610100101977.html
Traceback (most recent call last):
  File "g:\codingSomething\python爬虫\bei_ke_used.py", line 155, in deal_house_detail
    if li['data-desc'] == '户型图':
  File "F:\Program_Tools\Anaconda3\lib\site-packages\bs4\element.py", line 1011, in __getitem__
    return self.attrs[key]
KeyError: 'data-desc'
2019-03-16 23:38:37,906 -|- ERROR -|- 详情页解析错误：https://zj.ke.com/ershoufang/19011514610100100997.html
Traceback (most recent call last):
  File "g:\codingSomething\python爬虫\bei_ke_used.py", line 155, in deal_house_detail
    if li['data-desc'] == '户型图':
  File "F:\Program_Tools\Anaconda3\lib\site-packages\bs4\element.py", line 1011, in __getitem__
    return self.attrs[key]
KeyError: 'data-desc'
2019-03-16 23:38:42,597 -|- ERROR -|- 详情页解析错误：https://zj.ke.com/ershoufang/18112614610100101269.html
Traceback (most recent call last):
  File "g:\codingSomething\python爬虫\bei_ke_used.py", line 155, in deal_house_detail
    if li['data-desc'] == '户型图':
  File "F:\Program_Tools\Anaconda3\lib\site-packages\bs4\element.py", line 1011, in __getitem__
    return self.attrs[key]
KeyError: 'data-desc'
2019-03-16 23:38:53,839 -|- ERROR -|- 详情页解析错误：https://zj.ke.com/ershoufang/19022814610100104971.html
Traceback (most recent call last):
  File "g:\codingSomething\python爬虫\bei_ke_used.py", line 155, in deal_house_detail
    if li['data-desc'] == '户型图':
  File "F:\Program_Tools\Anaconda3\lib\site-packages\bs4\element.py", line 1011, in __getitem__
    return self.attrs[key]
KeyError: 'data-desc'
2019-03-16 23:38:58,568 -|- ERROR -|- 详情页解析错误：https://zj.ke.com/ershoufang/18112214610100117677.html
Traceback (most recent call last):
  File "g:\codingSomething\python爬虫\bei_ke_used.py", line 155, in deal_house_detail
    if li['data-desc'] == '户型图':
  File "F:\Program_Tools\Anaconda3\lib\site-packages\bs4\element.py", line 1011, in __getitem__
    return self.attrs[key]
KeyError: 'data-desc'
2019-03-16 23:39:03,311 -|- ERROR -|- 详情页解析错误：https://zj.ke.com/ershoufang/18101914610100222246.html
Traceback (most recent call last):
  File "g:\codingSomething\python爬虫\bei_ke_used.py", line 155, in deal_house_detail
    if li['data-desc'] == '户型图':
  File "F:\Program_Tools\Anaconda3\lib\site-packages\bs4\element.py", line 1011, in __getitem__
    return self.attrs[key]
KeyError: 'data-desc'
2019-03-16 23:39:07,973 -|- ERROR -|- 详情页解析错误：https://zj.ke.com/ershoufang/18112914610100104613.html
Traceback (most recent call last):
  File "g:\codingSomething\python爬虫\bei_ke_used.py", line 155, in deal_house_detail
    if li['data-desc'] == '户型图':
  File "F:\Program_Tools\Anaconda3\lib\site-packages\bs4\element.py", line 1011, in __getitem__
    return self.attrs[key]
KeyError: 'data-desc'
2019-03-16 23:39:12,618 -|- ERROR -|- 详情页解析错误：https://zj.ke.com/ershoufang/18120314610100100120.html
Traceback (most recent call last):
  File "g:\codingSomething\python爬虫\bei_ke_used.py", line 155, in deal_house_detail
    if li['data-desc'] == '户型图':
  File "F:\Program_Tools\Anaconda3\lib\site-packages\bs4\element.py", line 1011, in __getitem__
    return self.attrs[key]
KeyError: 'data-desc'
2019-03-16 23:39:17,180 -|- ERROR -|- 详情页解析错误：https://zj.ke.com/ershoufang/19021114610100100249.html
Traceback (most recent call last):
  File "g:\codingSomething\python爬虫\bei_ke_used.py", line 155, in deal_house_detail
    if li['data-desc'] == '户型图':
  File "F:\Program_Tools\Anaconda3\lib\site-packages\bs4\element.py", line 1011, in __getitem__
    return self.attrs[key]
KeyError: 'data-desc'
2019-03-16 23:39:22,034 -|- ERROR -|- 详情页解析错误：https://zj.ke.com/ershoufang/18101914610100225137.html
Traceback (most recent call last):
  File "g:\codingSomething\python爬虫\bei_ke_used.py", line 155, in deal_house_detail
    if li['data-desc'] == '户型图':
  File "F:\Program_Tools\Anaconda3\lib\site-packages\bs4\element.py", line 1011, in __getitem__
    return self.attrs[key]
KeyError: 'data-desc'
2019-03-16 23:39:26,830 -|- ERROR -|- 详情页解析错误：https://zj.ke.com/ershoufang/19021314610100101364.html
Traceback (most recent call last):
  File "g:\codingSomething\python爬虫\bei_ke_used.py", line 155, in deal_house_detail
    if li['data-desc'] == '户型图':
  File "F:\Program_Tools\Anaconda3\lib\site-packages\bs4\element.py", line 1011, in __getitem__
    return self.attrs[key]
KeyError: 'data-desc'
2019-03-16 23:39:31,688 -|- ERROR -|- 详情页解析错误：https://zj.ke.com/ershoufang/19022714610100100113.html
Traceback (most recent call last):
  File "g:\codingSomething\python爬虫\bei_ke_used.py", line 155, in deal_house_detail
    if li['data-desc'] == '户型图':
  File "F:\Program_Tools\Anaconda3\lib\site-packages\bs4\element.py", line 1011, in __getitem__
    return self.attrs[key]
KeyError: 'data-desc'
2019-03-16 23:39:36,516 -|- ERROR -|- 详情页解析错误：https://zj.ke.com/ershoufang/19011514610100101897.html
Traceback (most recent call last):
  File "g:\codingSomething\python爬虫\bei_ke_used.py", line 155, in deal_house_detail
    if li['data-desc'] == '户型图':
  File "F:\Program_Tools\Anaconda3\lib\site-packages\bs4\element.py", line 1011, in __getitem__
    return self.attrs[key]
KeyError: 'data-desc'
2019-03-16 23:39:41,416 -|- ERROR -|- 详情页解析错误：https://zj.ke.com/ershoufang/18101914610100224825.html
Traceback (most recent call last):
  File "g:\codingSomething\python爬虫\bei_ke_used.py", line 155, in deal_house_detail
    if li['data-desc'] == '户型图':
  File "F:\Program_Tools\Anaconda3\lib\site-packages\bs4\element.py", line 1011, in __getitem__
    return self.attrs[key]
KeyError: 'data-desc'
2019-03-16 23:39:47,048 -|- ERROR -|- 详情页解析错误：https://zj.ke.com/ershoufang/18112314610100103465.html
Traceback (most recent call last):
  File "g:\codingSomething\python爬虫\bei_ke_used.py", line 155, in deal_house_detail
    if li['data-desc'] == '户型图':
  File "F:\Program_Tools\Anaconda3\lib\site-packages\bs4\element.py", line 1011, in __getitem__
    return self.attrs[key]
KeyError: 'data-desc'
2019-03-16 23:39:51,763 -|- ERROR -|- 详情页解析错误：https://zj.ke.com/ershoufang/19022014610100103659.html
Traceback (most recent call last):
  File "g:\codingSomething\python爬虫\bei_ke_used.py", line 155, in deal_house_detail
    if li['data-desc'] == '户型图':
  File "F:\Program_Tools\Anaconda3\lib\site-packages\bs4\element.py", line 1011, in __getitem__
    return self.attrs[key]
KeyError: 'data-desc'
2019-03-16 23:39:56,823 -|- ERROR -|- 详情页解析错误：https://zj.ke.com/ershoufang/19011414610100105672.html
Traceback (most recent call last):
  File "g:\codingSomething\python爬虫\bei_ke_used.py", line 155, in deal_house_detail
    if li['data-desc'] == '户型图':
  File "F:\Program_Tools\Anaconda3\lib\site-packages\bs4\element.py", line 1011, in __getitem__
    return self.attrs[key]
KeyError: 'data-desc'
2019-03-16 23:40:01,779 -|- ERROR -|- 详情页解析错误：https://zj.ke.com/ershoufang/19011214610100102268.html
Traceback (most recent call last):
  File "g:\codingSomething\python爬虫\bei_ke_used.py", line 155, in deal_house_detail
    if li['data-desc'] == '户型图':
  File "F:\Program_Tools\Anaconda3\lib\site-packages\bs4\element.py", line 1011, in __getitem__
    return self.attrs[key]
KeyError: 'data-desc'
2019-03-16 23:40:06,634 -|- ERROR -|- 详情页解析错误：https://zj.ke.com/ershoufang/18111714610100100999.html
Traceback (most recent call last):
  File "g:\codingSomething\python爬虫\bei_ke_used.py", line 155, in deal_house_detail
    if li['data-desc'] == '户型图':
  File "F:\Program_Tools\Anaconda3\lib\site-packages\bs4\element.py", line 1011, in __getitem__
    return self.attrs[key]
KeyError: 'data-desc'
2019-03-16 23:40:11,270 -|- ERROR -|- 详情页解析错误：https://zj.ke.com/ershoufang/19011214610100101214.html
Traceback (most recent call last):
  File "g:\codingSomething\python爬虫\bei_ke_used.py", line 155, in deal_house_detail
    if li['data-desc'] == '户型图':
  File "F:\Program_Tools\Anaconda3\lib\site-packages\bs4\element.py", line 1011, in __getitem__
    return self.attrs[key]
KeyError: 'data-desc'
2019-03-16 23:40:16,079 -|- ERROR -|- 详情页解析错误：https://zj.ke.com/ershoufang/19022114610100103159.html
Traceback (most recent call last):
  File "g:\codingSomething\python爬虫\bei_ke_used.py", line 155, in deal_house_detail
    if li['data-desc'] == '户型图':
  File "F:\Program_Tools\Anaconda3\lib\site-packages\bs4\element.py", line 1011, in __getitem__
    return self.attrs[key]
KeyError: 'data-desc'
2019-03-16 23:40:20,658 -|- ERROR -|- 详情页解析错误：https://zj.ke.com/ershoufang/18101914610100164749.html
Traceback (most recent call last):
  File "g:\codingSomething\python爬虫\bei_ke_used.py", line 155, in deal_house_detail
    if li['data-desc'] == '户型图':
  File "F:\Program_Tools\Anaconda3\lib\site-packages\bs4\element.py", line 1011, in __getitem__
    return self.attrs[key]
KeyError: 'data-desc'
2019-03-16 23:40:26,407 -|- ERROR -|- 详情页解析错误：https://zj.ke.com/ershoufang/19012014610100103084.html
Traceback (most recent call last):
  File "g:\codingSomething\python爬虫\bei_ke_used.py", line 155, in deal_house_detail
    if li['data-desc'] == '户型图':
  File "F:\Program_Tools\Anaconda3\lib\site-packages\bs4\element.py", line 1011, in __getitem__
    return self.attrs[key]
KeyError: 'data-desc'
2019-03-16 23:40:31,132 -|- ERROR -|- 详情页解析错误：https://zj.ke.com/ershoufang/19012214610100100257.html
Traceback (most recent call last):
  File "g:\codingSomething\python爬虫\bei_ke_used.py", line 155, in deal_house_detail
    if li['data-desc'] == '户型图':
  File "F:\Program_Tools\Anaconda3\lib\site-packages\bs4\element.py", line 1011, in __getitem__
    return self.attrs[key]
KeyError: 'data-desc'
2019-03-16 23:40:35,975 -|- ERROR -|- 详情页解析错误：https://zj.ke.com/ershoufang/18122914610100101686.html
Traceback (most recent call last):
  File "g:\codingSomething\python爬虫\bei_ke_used.py", line 155, in deal_house_detail
    if li['data-desc'] == '户型图':
  File "F:\Program_Tools\Anaconda3\lib\site-packages\bs4\element.py", line 1011, in __getitem__
    return self.attrs[key]
KeyError: 'data-desc'
2019-03-16 23:40:40,834 -|- ERROR -|- 详情页解析错误：https://zj.ke.com/ershoufang/19022714610100102963.html
Traceback (most recent call last):
  File "g:\codingSomething\python爬虫\bei_ke_used.py", line 155, in deal_house_detail
    if li['data-desc'] == '户型图':
  File "F:\Program_Tools\Anaconda3\lib\site-packages\bs4\element.py", line 1011, in __getitem__
    return self.attrs[key]
KeyError: 'data-desc'
2019-03-16 23:40:45,684 -|- ERROR -|- 详情页解析错误：https://zj.ke.com/ershoufang/18112214610100100977.html
Traceback (most recent call last):
  File "g:\codingSomething\python爬虫\bei_ke_used.py", line 155, in deal_house_detail
    if li['data-desc'] == '户型图':
  File "F:\Program_Tools\Anaconda3\lib\site-packages\bs4\element.py", line 1011, in __getitem__
    return self.attrs[key]
KeyError: 'data-desc'
2019-03-16 23:40:50,414 -|- ERROR -|- 详情页解析错误：https://zj.ke.com/ershoufang/18112114610100104377.html
Traceback (most recent call last):
  File "g:\codingSomething\python爬虫\bei_ke_used.py", line 155, in deal_house_detail
    if li['data-desc'] == '户型图':
  File "F:\Program_Tools\Anaconda3\lib\site-packages\bs4\element.py", line 1011, in __getitem__
    return self.attrs[key]
KeyError: 'data-desc'
2019-03-16 23:40:55,318 -|- ERROR -|- 详情页解析错误：https://zj.ke.com/ershoufang/18121114610100101899.html
Traceback (most recent call last):
  File "g:\codingSomething\python爬虫\bei_ke_used.py", line 155, in deal_house_detail
    if li['data-desc'] == '户型图':
  File "F:\Program_Tools\Anaconda3\lib\site-packages\bs4\element.py", line 1011, in __getitem__
    return self.attrs[key]
KeyError: 'data-desc'
2019-03-16 23:41:00,427 -|- ERROR -|- 详情页解析错误：https://zj.ke.com/ershoufang/19011114610100102914.html
Traceback (most recent call last):
  File "g:\codingSomething\python爬虫\bei_ke_used.py", line 155, in deal_house_detail
    if li['data-desc'] == '户型图':
  File "F:\Program_Tools\Anaconda3\lib\site-packages\bs4\element.py", line 1011, in __getitem__
    return self.attrs[key]
KeyError: 'data-desc'
2019-03-17 00:14:36,743 -|- ERROR -|- Ready解析失败
Traceback (most recent call last):
  File "g:\codingSomething\python爬虫\bei_ke_used.py", line 64, in prepare
    if begain_zone and name != begain_zone:
UnboundLocalError: local variable 'begain_zone' referenced before assignment
